<?xml version="1.0" encoding="UTF-8"?>
<!-- Generated by org.testng.reporters.JUnitReportReporter -->
<testsuite hostname="362c24d35740564" failures="0" tests="2" name="com.ust.capstone1.ShoppingCartTest" time="14.757" errors="0" timestamp="2026-06-12T15:18:08 IST" skipped="0">
  <testcase classname="com.ust.capstone1.ShoppingCartTest" name="positive_AddToCart" time="9.116"/>
  <testcase classname="com.ust.capstone1.ShoppingCartTest" name="negative_AddEmptyCart" time="5.641"/>
</testsuite> <!-- com.ust.capstone1.ShoppingCartTest -->
